<?xml version="1.0" encoding="UTF-8"?>
<testsuite xmlns:xsi="http://www.w3.org/2001/XMLSchema-instance" xsi:noNamespaceSchemaLocation="https://maven.apache.org/surefire/maven-surefire-plugin/xsd/surefire-test-report.xsd" name="com.my.service.AppTest" time="0.047" tests="1" errors="0" skipped="0" failures="0">
  <properties>
    <property name="user.variant" value=""/>
    <property name="java.vm.info" value="mixed mode, sharing"/>
    <property name="file.encoding.pkg" value="sun.io"/>
    <property name="file.encoding" value="GBK"/>
    <property name="java.specification.name" value="Java Platform API Specification"/>
    <property name="sun.os.patch.level" value="Service Pack 1"/>
    <property name="user.dir" value="D:\git_project\my-root\my-service"/>
    <property name="line.separator" value="&#10;"/>
    <property name="java.home" value="D:\java\jdk1.7.0_79\jre"/>
    <property name="user.name" value="Administrator"/>
    <property name="sun.boot.library.path" value="D:\java\jdk1.7.0_79\jre\bin"/>
    <property name="user.home" value="C:\Users\Administrator"/>
    <property name="localRepository" value="D:\java\apache-maven-3.3.9\apache-maven-3.3.9\repository"/>
    <property name="sun.java.launcher" value="SUN_STANDARD"/>
    <property name="java.class.version" value="51.0"/>
    <property name="user.language" value="zh"/>
    <property name="java.vendor.url.bug" value="http://bugreport.sun.com/bugreport/"/>
    <property name="sun.jnu.encoding" value="GBK"/>
    <property name="java.io.tmpdir" value="C:\Users\Administrator\AppData\Local\Temp\"/>
    <property name="java.specification.vendor" value="Oracle Corporation"/>
    <property name="file.separator" value="\"/>
    <property name="java.class.path" value="D:\git_project\my-root\my-service\target\test-classes;D:\git_project\my-root\my-service\target\classes;D:\git_project\my-root\my-dao\target\my-web.jar;D:\java\apache-maven-3.3.9\apache-maven-3.3.9\repository\org\apache\struts\struts2-spring-plugin\2.3.4.1\struts2-spring-plugin-2.3.4.1.jar;D:\java\apache-maven-3.3.9\apache-maven-3.3.9\repository\org\apache\commons\commons-lang3\3.1\commons-lang3-3.1.jar;D:\java\apache-maven-3.3.9\apache-maven-3.3.9\repository\org\apache\struts\struts2-core\2.3.4.1\struts2-core-2.3.4.1.jar;D:\java\apache-maven-3.3.9\apache-maven-3.3.9\repository\org\apache\struts\xwork\xwork-core\2.3.4.1\xwork-core-2.3.4.1.jar;D:\java\apache-maven-3.3.9\apache-maven-3.3.9\repository\asm\asm\3.3\asm-3.3.jar;D:\java\apache-maven-3.3.9\apache-maven-3.3.9\repository\asm\asm-commons\3.3\asm-commons-3.3.jar;D:\java\apache-maven-3.3.9\apache-maven-3.3.9\repository\asm\asm-tree\3.3\asm-tree-3.3.jar;D:\java\apache-maven-3.3.9\apache-maven-3.3.9\repository\org\freemarker\freemarker\2.3.19\freemarker-2.3.19.jar;D:\java\apache-maven-3.3.9\apache-maven-3.3.9\repository\ognl\ognl\3.0.5\ognl-3.0.5.jar;D:\java\apache-maven-3.3.9\apache-maven-3.3.9\repository\javassist\javassist\3.11.0.GA\javassist-3.11.0.GA.jar;D:\java\apache-maven-3.3.9\apache-maven-3.3.9\repository\org\apache\struts\struts2-convention-plugin\2.3.4.1\struts2-convention-plugin-2.3.4.1.jar;D:\java\apache-maven-3.3.9\apache-maven-3.3.9\repository\commons-io\commons-io\2.4\commons-io-2.4.jar;D:\java\apache-maven-3.3.9\apache-maven-3.3.9\repository\commons-fileupload\commons-fileupload\1.3.1\commons-fileupload-1.3.1.jar;D:\java\apache-maven-3.3.9\apache-maven-3.3.9\repository\org\springframework\spring-context\4.3.0.RELEASE\spring-context-4.3.0.RELEASE.jar;D:\java\apache-maven-3.3.9\apache-maven-3.3.9\repository\org\springframework\spring-aop\4.3.0.RELEASE\spring-aop-4.3.0.RELEASE.jar;D:\java\apache-maven-3.3.9\apache-maven-3.3.9\repository\org\springframework\spring-expression\4.3.0.RELEASE\spring-expression-4.3.0.RELEASE.jar;D:\java\apache-maven-3.3.9\apache-maven-3.3.9\repository\org\aspectj\aspectjweaver\1.8.9\aspectjweaver-1.8.9.jar;D:\java\apache-maven-3.3.9\apache-maven-3.3.9\repository\org\springframework\spring-beans\4.3.0.RELEASE\spring-beans-4.3.0.RELEASE.jar;D:\java\apache-maven-3.3.9\apache-maven-3.3.9\repository\org\springframework\spring-core\4.3.0.RELEASE\spring-core-4.3.0.RELEASE.jar;D:\java\apache-maven-3.3.9\apache-maven-3.3.9\repository\commons-logging\commons-logging\1.2\commons-logging-1.2.jar;D:\java\apache-maven-3.3.9\apache-maven-3.3.9\repository\org\springframework\spring-web\4.3.0.RELEASE\spring-web-4.3.0.RELEASE.jar;D:\java\apache-maven-3.3.9\apache-maven-3.3.9\repository\org\mybatis\mybatis-spring\1.3.0\mybatis-spring-1.3.0.jar;D:\java\apache-maven-3.3.9\apache-maven-3.3.9\repository\org\springframework\spring-jdbc\4.3.0.RELEASE\spring-jdbc-4.3.0.RELEASE.jar;D:\java\apache-maven-3.3.9\apache-maven-3.3.9\repository\org\springframework\spring-tx\4.3.0.RELEASE\spring-tx-4.3.0.RELEASE.jar;D:\java\apache-maven-3.3.9\apache-maven-3.3.9\repository\mysql\mysql-connector-java\5.1.38\mysql-connector-java-5.1.38.jar;D:\java\apache-maven-3.3.9\apache-maven-3.3.9\repository\org\apache\logging\log4j\log4j-core\2.6.1\log4j-core-2.6.1.jar;D:\java\apache-maven-3.3.9\apache-maven-3.3.9\repository\org\apache\logging\log4j\log4j-api\2.6.1\log4j-api-2.6.1.jar;D:\java\apache-maven-3.3.9\apache-maven-3.3.9\repository\org\mybatis\mybatis\3.4.1\mybatis-3.4.1.jar;D:\java\apache-maven-3.3.9\apache-maven-3.3.9\repository\junit\junit\4.10\junit-4.10.jar;D:\java\apache-maven-3.3.9\apache-maven-3.3.9\repository\org\hamcrest\hamcrest-core\1.1\hamcrest-core-1.1.jar;D:\java\apache-maven-3.3.9\apache-maven-3.3.9\repository\c3p0\c3p0\0.9.1.2\c3p0-0.9.1.2.jar;D:\java\apache-maven-3.3.9\apache-maven-3.3.9\repository\javax\servlet\jstl\1.2\jstl-1.2.jar;"/>
    <property name="java.vm.vendor" value="Oracle Corporation"/>
    <property name="sun.cpu.endian" value="little"/>
    <property name="java.vm.specification.vendor" value="Oracle Corporation"/>
    <property name="java.specification.version" value="1.7"/>
    <property name="user.script" value=""/>
    <property name="awt.toolkit" value="sun.awt.windows.WToolkit"/>
    <property name="sun.java.command" value="C:\Users\Administrator\AppData\Local\Temp\surefire833574201278107906\surefirebooter4465819588309440480.jar C:\Users\Administrator\AppData\Local\Temp\surefire833574201278107906 2018-08-27T16-40-26_644-jvmRun1 surefire3507918738687827156tmp surefire_18102475655387875855tmp"/>
    <property name="user.timezone" value=""/>
    <property name="surefire.test.class.path" value="D:\git_project\my-root\my-service\target\test-classes;D:\git_project\my-root\my-service\target\classes;D:\git_project\my-root\my-dao\target\my-web.jar;D:\java\apache-maven-3.3.9\apache-maven-3.3.9\repository\org\apache\struts\struts2-spring-plugin\2.3.4.1\struts2-spring-plugin-2.3.4.1.jar;D:\java\apache-maven-3.3.9\apache-maven-3.3.9\repository\org\apache\commons\commons-lang3\3.1\commons-lang3-3.1.jar;D:\java\apache-maven-3.3.9\apache-maven-3.3.9\repository\org\apache\struts\struts2-core\2.3.4.1\struts2-core-2.3.4.1.jar;D:\java\apache-maven-3.3.9\apache-maven-3.3.9\repository\org\apache\struts\xwork\xwork-core\2.3.4.1\xwork-core-2.3.4.1.jar;D:\java\apache-maven-3.3.9\apache-maven-3.3.9\repository\asm\asm\3.3\asm-3.3.jar;D:\java\apache-maven-3.3.9\apache-maven-3.3.9\repository\asm\asm-commons\3.3\asm-commons-3.3.jar;D:\java\apache-maven-3.3.9\apache-maven-3.3.9\repository\asm\asm-tree\3.3\asm-tree-3.3.jar;D:\java\apache-maven-3.3.9\apache-maven-3.3.9\repository\org\freemarker\freemarker\2.3.19\freemarker-2.3.19.jar;D:\java\apache-maven-3.3.9\apache-maven-3.3.9\repository\ognl\ognl\3.0.5\ognl-3.0.5.jar;D:\java\apache-maven-3.3.9\apache-maven-3.3.9\repository\javassist\javassist\3.11.0.GA\javassist-3.11.0.GA.jar;D:\java\apache-maven-3.3.9\apache-maven-3.3.9\repository\org\apache\struts\struts2-convention-plugin\2.3.4.1\struts2-convention-plugin-2.3.4.1.jar;D:\java\apache-maven-3.3.9\apache-maven-3.3.9\repository\commons-io\commons-io\2.4\commons-io-2.4.jar;D:\java\apache-maven-3.3.9\apache-maven-3.3.9\repository\commons-fileupload\commons-fileupload\1.3.1\commons-fileupload-1.3.1.jar;D:\java\apache-maven-3.3.9\apache-maven-3.3.9\repository\org\springframework\spring-context\4.3.0.RELEASE\spring-context-4.3.0.RELEASE.jar;D:\java\apache-maven-3.3.9\apache-maven-3.3.9\repository\org\springframework\spring-aop\4.3.0.RELEASE\spring-aop-4.3.0.RELEASE.jar;D:\java\apache-maven-3.3.9\apache-maven-3.3.9\repository\org\springframework\spring-expression\4.3.0.RELEASE\spring-expression-4.3.0.RELEASE.jar;D:\java\apache-maven-3.3.9\apache-maven-3.3.9\repository\org\aspectj\aspectjweaver\1.8.9\aspectjweaver-1.8.9.jar;D:\java\apache-maven-3.3.9\apache-maven-3.3.9\repository\org\springframework\spring-beans\4.3.0.RELEASE\spring-beans-4.3.0.RELEASE.jar;D:\java\apache-maven-3.3.9\apache-maven-3.3.9\repository\org\springframework\spring-core\4.3.0.RELEASE\spring-core-4.3.0.RELEASE.jar;D:\java\apache-maven-3.3.9\apache-maven-3.3.9\repository\commons-logging\commons-logging\1.2\commons-logging-1.2.jar;D:\java\apache-maven-3.3.9\apache-maven-3.3.9\repository\org\springframework\spring-web\4.3.0.RELEASE\spring-web-4.3.0.RELEASE.jar;D:\java\apache-maven-3.3.9\apache-maven-3.3.9\repository\org\mybatis\mybatis-spring\1.3.0\mybatis-spring-1.3.0.jar;D:\java\apache-maven-3.3.9\apache-maven-3.3.9\repository\org\springframework\spring-jdbc\4.3.0.RELEASE\spring-jdbc-4.3.0.RELEASE.jar;D:\java\apache-maven-3.3.9\apache-maven-3.3.9\repository\org\springframework\spring-tx\4.3.0.RELEASE\spring-tx-4.3.0.RELEASE.jar;D:\java\apache-maven-3.3.9\apache-maven-3.3.9\repository\mysql\mysql-connector-java\5.1.38\mysql-connector-java-5.1.38.jar;D:\java\apache-maven-3.3.9\apache-maven-3.3.9\repository\org\apache\logging\log4j\log4j-core\2.6.1\log4j-core-2.6.1.jar;D:\java\apache-maven-3.3.9\apache-maven-3.3.9\repository\org\apache\logging\log4j\log4j-api\2.6.1\log4j-api-2.6.1.jar;D:\java\apache-maven-3.3.9\apache-maven-3.3.9\repository\org\mybatis\mybatis\3.4.1\mybatis-3.4.1.jar;D:\java\apache-maven-3.3.9\apache-maven-3.3.9\repository\junit\junit\4.10\junit-4.10.jar;D:\java\apache-maven-3.3.9\apache-maven-3.3.9\repository\org\hamcrest\hamcrest-core\1.1\hamcrest-core-1.1.jar;D:\java\apache-maven-3.3.9\apache-maven-3.3.9\repository\c3p0\c3p0\0.9.1.2\c3p0-0.9.1.2.jar;D:\java\apache-maven-3.3.9\apache-maven-3.3.9\repository\javax\servlet\jstl\1.2\jstl-1.2.jar;"/>
    <property name="java.runtime.version" value="1.7.0_79-b15"/>
    <property name="java.vendor" value="Oracle Corporation"/>
    <property name="sun.management.compiler" value="HotSpot Client Compiler"/>
    <property name="sun.arch.data.model" value="32"/>
    <property name="os.arch" value="x86"/>
    <property name="sun.io.unicode.encoding" value="UnicodeLittle"/>
    <property name="java.awt.printerjob" value="sun.awt.windows.WPrinterJob"/>
    <property name="path.separator" value=";"/>
    <property name="java.runtime.name" value="Java(TM) SE Runtime Environment"/>
    <property name="java.vendor.url" value="http://java.oracle.com/"/>
    <property name="sun.boot.class.path" value="D:\java\jdk1.7.0_79\jre\lib\resources.jar;D:\java\jdk1.7.0_79\jre\lib\rt.jar;D:\java\jdk1.7.0_79\jre\lib\sunrsasign.jar;D:\java\jdk1.7.0_79\jre\lib\jsse.jar;D:\java\jdk1.7.0_79\jre\lib\jce.jar;D:\java\jdk1.7.0_79\jre\lib\charsets.jar;D:\java\jdk1.7.0_79\jre\lib\jfr.jar;D:\java\jdk1.7.0_79\jre\classes"/>
    <property name="surefire.real.class.path" value="C:\Users\Administrator\AppData\Local\Temp\surefire833574201278107906\surefirebooter4465819588309440480.jar"/>
    <property name="java.endorsed.dirs" value="D:\java\jdk1.7.0_79\jre\lib\endorsed"/>
    <property name="sun.desktop" value="windows"/>
    <property name="java.vm.version" value="24.79-b02"/>
    <property name="os.name" value="Windows 7"/>
    <property name="java.vm.specification.version" value="1.7"/>
    <property name="sun.cpu.isalist" value="pentium_pro+mmx pentium_pro pentium+mmx pentium i486 i386 i86"/>
    <property name="java.version" value="1.7.0_79"/>
    <property name="java.vm.specification.name" value="Java Virtual Machine Specification"/>
    <property name="java.ext.dirs" value="D:\java\jdk1.7.0_79\jre\lib\ext;C:\windows\Sun\Java\lib\ext"/>
    <property name="os.version" value="6.1"/>
    <property name="basedir" value="D:\git_project\my-root\my-service"/>
    <property name="java.library.path" value="D:\java\jdk1.7.0_79\jre\bin;C:\windows\Sun\Java\bin;C:\windows\system32;C:\windows;D:/java/jdk1.7.0_79/bin/../jre/bin/client;D:/java/jdk1.7.0_79/bin/../jre/bin;D:/java/jdk1.7.0_79/bin/../jre/lib/i386;D:\java\jdk1.7.0_79\bin;C:\windows\system32;C:\windows;C:\windows\System32\Wbem;C:\windows\System32\WindowsPowerShell\v1.0\;D:\java\apache-maven-3.3.9\apache-maven-3.3.9\bin;C:\Program Files\MySQL\MySQL Utilities 1.6\;F:\tool\TortoiseGit\bin;f:\tool\Git\cmd;D:\java\eclipse-kepler-me;;."/>
    <property name="java.awt.graphicsenv" value="sun.awt.Win32GraphicsEnvironment"/>
    <property name="java.vm.name" value="Java HotSpot(TM) Client VM"/>
    <property name="user.country" value="CN"/>
  </properties>
  <testcase name="shouldAnswerWithTrue" classname="com.my.service.AppTest" time="0.001"/>
</testsuite>